<?xml version="1.0" encoding="UTF-8"?>
<testng-results ignored="0" total="1" passed="1" failed="0" skipped="0">
  <reporter-output>
  </reporter-output>
  <suite started-at="2021-10-15T12:08:11 IST" name="Default suite" finished-at="2021-10-15T12:08:11 IST" duration-ms="79">
    <groups>
    </groups>
    <test started-at="2021-10-15T12:08:11 IST" name="Default test" finished-at="2021-10-15T12:08:11 IST" duration-ms="79">
      <class name="encapsulation.check">
        <test-method signature="asg()[pri:0, instance:encapsulation.check@2beee7ff]" started-at="2021-10-15T12:08:11 IST" name="asg" finished-at="2021-10-15T12:08:11 IST" duration-ms="0" status="PASS">
          <reporter-output>
          </reporter-output>
        </test-method> <!-- asg -->
      </class> <!-- encapsulation.check -->
    </test> <!-- Default test -->
  </suite> <!-- Default suite -->
</testng-results>
